<?xml version="1.0" encoding="UTF-8"?>
<!-- Generated by org.testng.reporters.JUnitReportReporter -->
<testsuite hostname="HYD-4800HK3" failures="0" tests="1" name="com.cc.qa.testcases.FunzoneFunctions" time="152.044" errors="0" timestamp="2022-04-23T17:48:48 IST" skipped="0">
  <testcase classname="com.cc.qa.testcases.FunzoneFunctions" name="FunZoneOperations" time="152.044"/>
  <system-out/>
</testsuite> <!-- com.cc.qa.testcases.FunzoneFunctions -->
